[0m11:08:03.752819 [debug] [MainThread]: Sending event: {'category': 'dbt', 'action': 'invocation', 'label': 'start', 'context': [<snowplow_tracker.self_describing_json.SelfDescribingJson object at 0x7fbbeecbabb0>, <snowplow_tracker.self_describing_json.SelfDescribingJson object at 0x7fbbf0b6cf10>, <snowplow_tracker.self_describing_json.SelfDescribingJson object at 0x7fbbee4cbe20>]}


============================== 11:08:03.764029 | e7addec3-0913-4b82-94d7-e2924f920891 ==============================
[0m11:08:03.764029 [info ] [MainThread]: Running with dbt=1.9.0-b2
[0m11:08:03.765210 [debug] [MainThread]: running dbt with arguments {'printer_width': '80', 'indirect_selection': 'eager', 'log_cache_events': 'False', 'write_json': 'True', 'partial_parse': 'True', 'cache_selected_only': 'False', 'profiles_dir': '.', 'fail_fast': 'False', 'version_check': 'True', 'log_path': '/opt/airflow/projects/api/dbt/logs', 'warn_error': 'None', 'debug': 'False', 'use_colors': 'True', 'use_experimental_parser': 'False', 'empty': 'False', 'quiet': 'False', 'no_print': 'None', 'warn_error_options': 'WarnErrorOptions(include=[], exclude=[])', 'static_parser': 'True', 'invocation_command': 'dbt run --profiles-dir .', 'log_format': 'default', 'target_path': 'None', 'introspect': 'True', 'send_anonymous_usage_stats': 'True'}
[0m11:08:04.119050 [debug] [MainThread]: Sending event: {'category': 'dbt', 'action': 'project_id', 'label': 'e7addec3-0913-4b82-94d7-e2924f920891', 'context': [<snowplow_tracker.self_describing_json.SelfDescribingJson object at 0x7fbbf08fe850>]}
[0m11:08:04.272154 [debug] [MainThread]: Sending event: {'category': 'dbt', 'action': 'adapter_info', 'label': 'e7addec3-0913-4b82-94d7-e2924f920891', 'context': [<snowplow_tracker.self_describing_json.SelfDescribingJson object at 0x7fbbec63dd00>]}
[0m11:08:04.273602 [info ] [MainThread]: Registered adapter: postgres=1.8.2
[0m11:08:04.309644 [debug] [MainThread]: checksum: 4cfbbe2a671212f062e88a43cba5322b30b7e3e8e91b953aa4de249eeaade60f, vars: {}, profile: , target: , version: 1.9.0b2
[0m11:08:04.311624 [info ] [MainThread]: Unable to do partial parsing because saved manifest not found. Starting full parse.
[0m11:08:04.312672 [debug] [MainThread]: Sending event: {'category': 'dbt', 'action': 'partial_parser', 'label': 'e7addec3-0913-4b82-94d7-e2924f920891', 'context': [<snowplow_tracker.self_describing_json.SelfDescribingJson object at 0x7fbbec56d640>]}
[0m11:08:07.426019 [debug] [MainThread]: Sending event: {'category': 'dbt', 'action': 'load_project', 'label': 'e7addec3-0913-4b82-94d7-e2924f920891', 'context': [<snowplow_tracker.self_describing_json.SelfDescribingJson object at 0x7fbbeb15e6d0>]}
[0m11:08:07.679233 [debug] [MainThread]: Sending event: {'category': 'dbt', 'action': 'resource_counts', 'label': 'e7addec3-0913-4b82-94d7-e2924f920891', 'context': [<snowplow_tracker.self_describing_json.SelfDescribingJson object at 0x7fbbeb0c67f0>]}
[0m11:08:07.680538 [info ] [MainThread]: Found 2 models, 1 seed, 1 source, 423 macros
[0m11:08:07.682688 [debug] [MainThread]: Sending event: {'category': 'dbt', 'action': 'runnable_timing', 'label': 'e7addec3-0913-4b82-94d7-e2924f920891', 'context': [<snowplow_tracker.self_describing_json.SelfDescribingJson object at 0x7fbbeb08bbb0>]}
[0m11:08:07.685534 [info ] [MainThread]: 
[0m11:08:07.686473 [info ] [MainThread]: Concurrency: 4 threads (target='dev')
[0m11:08:07.687208 [info ] [MainThread]: 
[0m11:08:07.688309 [debug] [MainThread]: Acquiring new postgres connection 'master'
[0m11:08:07.698242 [debug] [ThreadPool]: Acquiring new postgres connection 'list_absa_open_banking'
[0m11:08:07.777357 [debug] [ThreadPool]: Using postgres connection "list_absa_open_banking"
[0m11:08:07.778461 [debug] [ThreadPool]: On list_absa_open_banking: /* {"app": "dbt", "dbt_version": "1.9.0b2", "profile_name": "absa_open_banking", "target_name": "dev", "connection_name": "list_absa_open_banking"} */

    select distinct nspname from pg_namespace
  
[0m11:08:07.779319 [debug] [ThreadPool]: Opening a new connection, currently in state init
[0m11:08:07.791453 [debug] [ThreadPool]: SQL status: SELECT 4 in 0.012 seconds
[0m11:08:07.794242 [debug] [ThreadPool]: On list_absa_open_banking: Close
[0m11:08:07.797298 [debug] [ThreadPool]: Re-using an available connection from the pool (formerly list_absa_open_banking, now list_absa_open_banking_public)
[0m11:08:07.812688 [debug] [ThreadPool]: Using postgres connection "list_absa_open_banking_public"
[0m11:08:07.813664 [debug] [ThreadPool]: On list_absa_open_banking_public: BEGIN
[0m11:08:07.814488 [debug] [ThreadPool]: Opening a new connection, currently in state closed
[0m11:08:07.824675 [debug] [ThreadPool]: SQL status: BEGIN in 0.010 seconds
[0m11:08:07.825660 [debug] [ThreadPool]: Using postgres connection "list_absa_open_banking_public"
[0m11:08:07.826541 [debug] [ThreadPool]: On list_absa_open_banking_public: /* {"app": "dbt", "dbt_version": "1.9.0b2", "profile_name": "absa_open_banking", "target_name": "dev", "connection_name": "list_absa_open_banking_public"} */
select
      'absa_open_banking' as database,
      tablename as name,
      schemaname as schema,
      'table' as type
    from pg_tables
    where schemaname ilike 'public'
    union all
    select
      'absa_open_banking' as database,
      viewname as name,
      schemaname as schema,
      'view' as type
    from pg_views
    where schemaname ilike 'public'
    union all
    select
      'absa_open_banking' as database,
      matviewname as name,
      schemaname as schema,
      'materialized_view' as type
    from pg_matviews
    where schemaname ilike 'public'
  
[0m11:08:07.834413 [debug] [ThreadPool]: SQL status: SELECT 1 in 0.007 seconds
[0m11:08:07.838179 [debug] [ThreadPool]: On list_absa_open_banking_public: ROLLBACK
[0m11:08:07.839569 [debug] [ThreadPool]: On list_absa_open_banking_public: Close
[0m11:08:07.851928 [debug] [MainThread]: Using postgres connection "master"
[0m11:08:07.853099 [debug] [MainThread]: On master: BEGIN
[0m11:08:07.853999 [debug] [MainThread]: Opening a new connection, currently in state init
[0m11:08:07.863724 [debug] [MainThread]: SQL status: BEGIN in 0.010 seconds
[0m11:08:07.864608 [debug] [MainThread]: Using postgres connection "master"
[0m11:08:07.865588 [debug] [MainThread]: On master: /* {"app": "dbt", "dbt_version": "1.9.0b2", "profile_name": "absa_open_banking", "target_name": "dev", "connection_name": "master"} */
with relation as (
        select
            pg_rewrite.ev_class as class,
            pg_rewrite.oid as id
        from pg_rewrite
    ),
    class as (
        select
            oid as id,
            relname as name,
            relnamespace as schema,
            relkind as kind
        from pg_class
    ),
    dependency as (
        select distinct
            pg_depend.objid as id,
            pg_depend.refobjid as ref
        from pg_depend
    ),
    schema as (
        select
            pg_namespace.oid as id,
            pg_namespace.nspname as name
        from pg_namespace
        where nspname != 'information_schema' and nspname not like 'pg\_%'
    ),
    referenced as (
        select
            relation.id AS id,
            referenced_class.name ,
            referenced_class.schema ,
            referenced_class.kind
        from relation
        join class as referenced_class on relation.class=referenced_class.id
        where referenced_class.kind in ('r', 'v', 'm')
    ),
    relationships as (
        select
            referenced.name as referenced_name,
            referenced.schema as referenced_schema_id,
            dependent_class.name as dependent_name,
            dependent_class.schema as dependent_schema_id,
            referenced.kind as kind
        from referenced
        join dependency on referenced.id=dependency.id
        join class as dependent_class on dependency.ref=dependent_class.id
        where
            (referenced.name != dependent_class.name or
             referenced.schema != dependent_class.schema)
    )

    select
        referenced_schema.name as referenced_schema,
        relationships.referenced_name as referenced_name,
        dependent_schema.name as dependent_schema,
        relationships.dependent_name as dependent_name
    from relationships
    join schema as dependent_schema on relationships.dependent_schema_id=dependent_schema.id
    join schema as referenced_schema on relationships.referenced_schema_id=referenced_schema.id
    group by referenced_schema, referenced_name, dependent_schema, dependent_name
    order by referenced_schema, referenced_name, dependent_schema, dependent_name;
[0m11:08:07.875314 [debug] [MainThread]: SQL status: SELECT 0 in 0.008 seconds
[0m11:08:07.878707 [debug] [MainThread]: Sending event: {'category': 'dbt', 'action': 'runnable_timing', 'label': 'e7addec3-0913-4b82-94d7-e2924f920891', 'context': [<snowplow_tracker.self_describing_json.SelfDescribingJson object at 0x7fbbec2cddf0>]}
[0m11:08:07.880153 [debug] [MainThread]: On master: ROLLBACK
[0m11:08:07.881598 [debug] [MainThread]: Using postgres connection "master"
[0m11:08:07.882739 [debug] [MainThread]: On master: BEGIN
[0m11:08:07.884303 [debug] [MainThread]: SQL status: BEGIN in 0.000 seconds
[0m11:08:07.885759 [debug] [MainThread]: On master: COMMIT
[0m11:08:07.887054 [debug] [MainThread]: Using postgres connection "master"
[0m11:08:07.888252 [debug] [MainThread]: On master: COMMIT
[0m11:08:07.889645 [debug] [MainThread]: SQL status: COMMIT in 0.000 seconds
[0m11:08:07.890827 [debug] [MainThread]: On master: Close
[0m11:08:07.909601 [debug] [Thread-1  ]: Began running node model.absa_open_banking.stg_transactions
[0m11:08:07.920750 [info ] [Thread-1  ]: 1 of 2 START sql view model public.stg_transactions ............................ [RUN]
[0m11:08:07.922719 [debug] [Thread-1  ]: Re-using an available connection from the pool (formerly list_absa_open_banking_public, now model.absa_open_banking.stg_transactions)
[0m11:08:07.924082 [debug] [Thread-1  ]: Began compiling node model.absa_open_banking.stg_transactions
[0m11:08:07.945247 [debug] [Thread-1  ]: Writing injected SQL for node "model.absa_open_banking.stg_transactions"
[0m11:08:07.947845 [debug] [Thread-1  ]: Began executing node model.absa_open_banking.stg_transactions
[0m11:08:08.045601 [debug] [Thread-1  ]: Writing runtime sql for node "model.absa_open_banking.stg_transactions"
[0m11:08:08.047876 [debug] [Thread-1  ]: Using postgres connection "model.absa_open_banking.stg_transactions"
[0m11:08:08.048905 [debug] [Thread-1  ]: On model.absa_open_banking.stg_transactions: BEGIN
[0m11:08:08.049769 [debug] [Thread-1  ]: Opening a new connection, currently in state closed
[0m11:08:08.059892 [debug] [Thread-1  ]: SQL status: BEGIN in 0.010 seconds
[0m11:08:08.060983 [debug] [Thread-1  ]: Using postgres connection "model.absa_open_banking.stg_transactions"
[0m11:08:08.062078 [debug] [Thread-1  ]: On model.absa_open_banking.stg_transactions: /* {"app": "dbt", "dbt_version": "1.9.0b2", "profile_name": "absa_open_banking", "target_name": "dev", "node_id": "model.absa_open_banking.stg_transactions"} */

  create view "absa_open_banking"."public"."stg_transactions__dbt_tmp"
    
    
  as (
    with source as (
    select * from "absa_open_banking"."public"."raw_transactions"
),
renamed as (
    select
        transaction_id,
        account_id,
        amount,
        currency,
        description,
        cast(transaction_date as timestamp) as transaction_date,
        status
    from source
)
select * from renamed
  );
[0m11:08:08.074308 [debug] [Thread-1  ]: SQL status: CREATE VIEW in 0.011 seconds
[0m11:08:08.092015 [debug] [Thread-1  ]: Using postgres connection "model.absa_open_banking.stg_transactions"
[0m11:08:08.093412 [debug] [Thread-1  ]: On model.absa_open_banking.stg_transactions: /* {"app": "dbt", "dbt_version": "1.9.0b2", "profile_name": "absa_open_banking", "target_name": "dev", "node_id": "model.absa_open_banking.stg_transactions"} */
alter table "absa_open_banking"."public"."stg_transactions__dbt_tmp" rename to "stg_transactions"
[0m11:08:08.095439 [debug] [Thread-1  ]: SQL status: ALTER TABLE in 0.001 seconds
[0m11:08:08.145983 [debug] [Thread-1  ]: On model.absa_open_banking.stg_transactions: COMMIT
[0m11:08:08.146965 [debug] [Thread-1  ]: Using postgres connection "model.absa_open_banking.stg_transactions"
[0m11:08:08.147814 [debug] [Thread-1  ]: On model.absa_open_banking.stg_transactions: COMMIT
[0m11:08:08.149968 [debug] [Thread-1  ]: SQL status: COMMIT in 0.001 seconds
[0m11:08:08.168569 [debug] [Thread-1  ]: Applying DROP to: "absa_open_banking"."public"."stg_transactions__dbt_backup"
[0m11:08:08.179660 [debug] [Thread-1  ]: Using postgres connection "model.absa_open_banking.stg_transactions"
[0m11:08:08.181097 [debug] [Thread-1  ]: On model.absa_open_banking.stg_transactions: /* {"app": "dbt", "dbt_version": "1.9.0b2", "profile_name": "absa_open_banking", "target_name": "dev", "node_id": "model.absa_open_banking.stg_transactions"} */
drop view if exists "absa_open_banking"."public"."stg_transactions__dbt_backup" cascade
[0m11:08:08.182660 [debug] [Thread-1  ]: SQL status: DROP VIEW in 0.000 seconds
[0m11:08:08.188411 [debug] [Thread-1  ]: On model.absa_open_banking.stg_transactions: Close
[0m11:08:08.192692 [debug] [Thread-1  ]: Sending event: {'category': 'dbt', 'action': 'run_model', 'label': 'e7addec3-0913-4b82-94d7-e2924f920891', 'context': [<snowplow_tracker.self_describing_json.SelfDescribingJson object at 0x7fbbea535490>]}
[0m11:08:08.194756 [info ] [Thread-1  ]: 1 of 2 OK created sql view model public.stg_transactions ....................... [[32mCREATE VIEW[0m in 0.27s]
[0m11:08:08.196927 [debug] [Thread-1  ]: Finished running node model.absa_open_banking.stg_transactions
[0m11:08:08.200030 [debug] [Thread-3  ]: Began running node model.absa_open_banking.mart_customer_activity
[0m11:08:08.201941 [info ] [Thread-3  ]: 2 of 2 START sql table model public.mart_customer_activity ..................... [RUN]
[0m11:08:08.204378 [debug] [Thread-3  ]: Acquiring new postgres connection 'model.absa_open_banking.mart_customer_activity'
[0m11:08:08.205875 [debug] [Thread-3  ]: Began compiling node model.absa_open_banking.mart_customer_activity
[0m11:08:08.215185 [debug] [Thread-3  ]: Writing injected SQL for node "model.absa_open_banking.mart_customer_activity"
[0m11:08:08.216524 [debug] [Thread-3  ]: Began executing node model.absa_open_banking.mart_customer_activity
[0m11:08:08.267979 [debug] [Thread-3  ]: Writing runtime sql for node "model.absa_open_banking.mart_customer_activity"
[0m11:08:08.269496 [debug] [Thread-3  ]: Using postgres connection "model.absa_open_banking.mart_customer_activity"
[0m11:08:08.270478 [debug] [Thread-3  ]: On model.absa_open_banking.mart_customer_activity: BEGIN
[0m11:08:08.271422 [debug] [Thread-3  ]: Opening a new connection, currently in state init
[0m11:08:08.281636 [debug] [Thread-3  ]: SQL status: BEGIN in 0.010 seconds
[0m11:08:08.282533 [debug] [Thread-3  ]: Using postgres connection "model.absa_open_banking.mart_customer_activity"
[0m11:08:08.283327 [debug] [Thread-3  ]: On model.absa_open_banking.mart_customer_activity: /* {"app": "dbt", "dbt_version": "1.9.0b2", "profile_name": "absa_open_banking", "target_name": "dev", "node_id": "model.absa_open_banking.mart_customer_activity"} */

  
    

  create  table "absa_open_banking"."public"."mart_customer_activity__dbt_tmp"
  
  
    as
  
  (
    with transactions as (
    select * from "absa_open_banking"."public"."stg_transactions"
),
daily_activity as (
    select
        account_id,
        date_trunc('day', transaction_date) as activity_date,
        count(*) as transaction_count,
        sum(amount) as total_volume
    from transactions
    group by 1, 2
)
select * from daily_activity
  );
  
[0m11:08:08.291730 [debug] [Thread-3  ]: SQL status: SELECT 1 in 0.007 seconds
[0m11:08:08.300180 [debug] [Thread-3  ]: Using postgres connection "model.absa_open_banking.mart_customer_activity"
[0m11:08:08.301055 [debug] [Thread-3  ]: On model.absa_open_banking.mart_customer_activity: /* {"app": "dbt", "dbt_version": "1.9.0b2", "profile_name": "absa_open_banking", "target_name": "dev", "node_id": "model.absa_open_banking.mart_customer_activity"} */
alter table "absa_open_banking"."public"."mart_customer_activity__dbt_tmp" rename to "mart_customer_activity"
[0m11:08:08.302427 [debug] [Thread-3  ]: SQL status: ALTER TABLE in 0.001 seconds
[0m11:08:08.312561 [debug] [Thread-3  ]: On model.absa_open_banking.mart_customer_activity: COMMIT
[0m11:08:08.313464 [debug] [Thread-3  ]: Using postgres connection "model.absa_open_banking.mart_customer_activity"
[0m11:08:08.314168 [debug] [Thread-3  ]: On model.absa_open_banking.mart_customer_activity: COMMIT
[0m11:08:08.315966 [debug] [Thread-3  ]: SQL status: COMMIT in 0.001 seconds
[0m11:08:08.322224 [debug] [Thread-3  ]: Applying DROP to: "absa_open_banking"."public"."mart_customer_activity__dbt_backup"
[0m11:08:08.327712 [debug] [Thread-3  ]: Using postgres connection "model.absa_open_banking.mart_customer_activity"
[0m11:08:08.328583 [debug] [Thread-3  ]: On model.absa_open_banking.mart_customer_activity: /* {"app": "dbt", "dbt_version": "1.9.0b2", "profile_name": "absa_open_banking", "target_name": "dev", "node_id": "model.absa_open_banking.mart_customer_activity"} */
drop table if exists "absa_open_banking"."public"."mart_customer_activity__dbt_backup" cascade
[0m11:08:08.329650 [debug] [Thread-3  ]: SQL status: DROP TABLE in 0.000 seconds
[0m11:08:08.332052 [debug] [Thread-3  ]: On model.absa_open_banking.mart_customer_activity: Close
[0m11:08:08.333331 [debug] [Thread-3  ]: Sending event: {'category': 'dbt', 'action': 'run_model', 'label': 'e7addec3-0913-4b82-94d7-e2924f920891', 'context': [<snowplow_tracker.self_describing_json.SelfDescribingJson object at 0x7fbbea5baf70>]}
[0m11:08:08.335125 [info ] [Thread-3  ]: 2 of 2 OK created sql table model public.mart_customer_activity ................ [[32mSELECT 1[0m in 0.13s]
[0m11:08:08.336710 [debug] [Thread-3  ]: Finished running node model.absa_open_banking.mart_customer_activity
[0m11:08:08.339150 [debug] [MainThread]: Using postgres connection "master"
[0m11:08:08.341151 [debug] [MainThread]: On master: BEGIN
[0m11:08:08.341972 [debug] [MainThread]: Opening a new connection, currently in state closed
[0m11:08:08.352852 [debug] [MainThread]: SQL status: BEGIN in 0.011 seconds
[0m11:08:08.353861 [debug] [MainThread]: On master: COMMIT
[0m11:08:08.354604 [debug] [MainThread]: Using postgres connection "master"
[0m11:08:08.355353 [debug] [MainThread]: On master: COMMIT
[0m11:08:08.356273 [debug] [MainThread]: SQL status: COMMIT in 0.000 seconds
[0m11:08:08.357064 [debug] [MainThread]: On master: Close
[0m11:08:08.359595 [debug] [MainThread]: Connection 'master' was properly closed.
[0m11:08:08.361603 [debug] [MainThread]: Connection 'model.absa_open_banking.stg_transactions' was properly closed.
[0m11:08:08.363889 [debug] [MainThread]: Connection 'model.absa_open_banking.mart_customer_activity' was properly closed.
[0m11:08:08.364858 [info ] [MainThread]: 
[0m11:08:08.365821 [info ] [MainThread]: Finished running 1 table model, 1 view model in 0 hours 0 minutes and 0.68 seconds (0.68s).
[0m11:08:08.367862 [debug] [MainThread]: Command end result
[0m11:08:08.430304 [info ] [MainThread]: 
[0m11:08:08.431529 [info ] [MainThread]: [32mCompleted successfully[0m
[0m11:08:08.432385 [info ] [MainThread]: 
[0m11:08:08.433262 [info ] [MainThread]: Done. PASS=2 WARN=0 ERROR=0 SKIP=0 TOTAL=2
[0m11:08:08.435273 [debug] [MainThread]: Resource report: {"command_name": "run", "command_success": true, "command_wall_clock_time": 4.7950234, "process_user_time": 7.667592, "process_kernel_time": 0.460195, "process_mem_max_rss": "112512", "process_in_blocks": "384", "process_out_blocks": "2520"}
[0m11:08:08.436903 [debug] [MainThread]: Command `dbt run` succeeded at 11:08:08.436558 after 4.80 seconds
[0m11:08:08.437806 [debug] [MainThread]: Sending event: {'category': 'dbt', 'action': 'invocation', 'label': 'end', 'context': [<snowplow_tracker.self_describing_json.SelfDescribingJson object at 0x7fbbeecbabb0>, <snowplow_tracker.self_describing_json.SelfDescribingJson object at 0x7fbbeea762b0>, <snowplow_tracker.self_describing_json.SelfDescribingJson object at 0x7fbbf08fe850>]}
[0m11:08:08.438802 [debug] [MainThread]: Flushing usage events
[0m11:08:09.683163 [debug] [MainThread]: An error was encountered while trying to flush usage events
